<?xml version="1.0" encoding="UTF-8"?>
<!-- Generated by org.testng.reporters.JUnitXMLReporter -->
<testsuite ignored="1" hostname="LAPTOP-L57HJ0DS" failures="0" tests="4" name="Test" time="0.041" errors="0" timestamp="2023-12-19T10:56:38 IST">
  <testcase classname="testNG.TestNGgrouping" name="main2" time="0.005"/>
  <testcase classname="testNG.TestNGgrouping" name="main3" time="0.001"/>
  <testcase classname="testNG.TestNGgrouping" name="main4" time="0.001"/>
  <testcase classname="testNG.TestNGgrouping" name="main5" time="0.0"/>
  <testcase classname="testNG.TestNGgrouping" name="main1" time="0.0">
    <ignored/>
  </testcase> <!-- main1 -->
</testsuite> <!-- Test -->
