<?xml version="1.0" encoding="UTF-8"?>
<testng-results ignored="0" total="1" passed="1" failed="0" skipped="0">
  <reporter-output>
  </reporter-output>
  <suite started-at="2024-01-04T11:21:26 IST" name="Default suite" finished-at="2024-01-04T11:21:31 IST" duration-ms="5086">
    <groups>
    </groups>
    <test started-at="2024-01-04T11:21:26 IST" name="Default test" finished-at="2024-01-04T11:21:31 IST" duration-ms="5086">
      <class name="Test.FBcreateTest">
        <test-method is-config="true" signature="setup()[pri:0, instance:Test.FBcreateTest@564fabc8]" started-at="2024-01-04T11:21:26 IST" name="setup" finished-at="2024-01-04T11:21:28 IST" duration-ms="2069" status="PASS">
          <reporter-output>
          </reporter-output>
        </test-method> <!-- setup -->
        <test-method is-config="true" signature="url()[pri:0, instance:Test.FBcreateTest@564fabc8]" started-at="2024-01-04T11:21:28 IST" name="url" finished-at="2024-01-04T11:21:29 IST" duration-ms="887" status="PASS">
          <reporter-output>
          </reporter-output>
        </test-method> <!-- url -->
        <test-method signature="testlogin()[pri:0, instance:Test.FBcreateTest@564fabc8]" started-at="2024-01-04T11:21:29 IST" name="testlogin" finished-at="2024-01-04T11:21:31 IST" duration-ms="2090" status="PASS">
          <reporter-output>
          </reporter-output>
        </test-method> <!-- testlogin -->
      </class> <!-- Test.FBcreateTest -->
    </test> <!-- Default test -->
  </suite> <!-- Default suite -->
</testng-results>
